Using pre-set license
Built from '2020.3/staging' branch; Version is '2020.3.16f1 (049d6eca3c44) revision 302446'; Using compiler version '192528614'; Build Type 'Release'
OS: 'Windows 10 Home; OS build 19043.1237; Version 2009; 64bit' Language: 'en' Physical Memory: 16310 MB
BatchMode: 1, IsHumanControllingUs: 0, StartBugReporterOnCrash: 0, Is64bit: 1, IsPro: 0

 COMMAND LINE ARGUMENTS:
C:\Program Files\Unity\Editor\Unity.exe
-adb2
-batchMode
-noUpm
-name
AssetImportWorker0
-projectPath
C:/Users/epicn/Desktop/UCF + Twitch/DIG/DIG3480 - Comp as a Medium/Unity Games/Tutorial 1.5/Tutorial 1.5
-logFile
Logs/AssetImportWorker0.log
-srvPort
64560
Successfully changed project path to: C:/Users/epicn/Desktop/UCF + Twitch/DIG/DIG3480 - Comp as a Medium/Unity Games/Tutorial 1.5/Tutorial 1.5
C:/Users/epicn/Desktop/UCF + Twitch/DIG/DIG3480 - Comp as a Medium/Unity Games/Tutorial 1.5/Tutorial 1.5
Using Asset Import Pipeline V2.
Refreshing native plugins compatible for Editor in 29.28 ms, found 3 plugins.
Preloading 0 native plugins for Editor in 0.00 ms.
Initialize engine version: 2020.3.16f1 (049d6eca3c44)
[Subsystems] Discovering subsystems at path C:/Program Files/Unity/Editor/Data/Resources/UnitySubsystems
[Subsystems] Discovering subsystems at path C:/Users/epicn/Desktop/UCF + Twitch/DIG/DIG3480 - Comp as a Medium/Unity Games/Tutorial 1.5/Tutorial 1.5/Assets
GfxDevice: creating device client; threaded=0
Direct3D:
    Version:  Direct3D 11.0 [level 11.1]
    Renderer: NVIDIA GeForce RTX 3060 Ti (ID=0x2486)
    Vendor:   
    VRAM:     8050 MB
    Driver:   30.0.14.7111
Initialize mono
Mono path[0] = 'C:/Program Files/Unity/Editor/Data/Managed'
Mono path[1] = 'C:/Program Files/Unity/Editor/Data/MonoBleedingEdge/lib/mono/unityjit'
Mono config path = 'C:/Program Files/Unity/Editor/Data/MonoBleedingEdge/etc'
Using monoOptions --debugger-agent=transport=dt_socket,embedding=1,server=y,suspend=n,address=127.0.0.1:56572
Begin MonoManager ReloadAssembly
Registering precompiled unity dll's ...
Register platform support module: C:/Program Files/Unity/Editor/Data/PlaybackEngines/WindowsStandaloneSupport/UnityEditor.WindowsStandalone.Extensions.dll
Registered in 0.001346 seconds.
Native extension for WindowsStandalone target not found
Refreshing native plugins compatible for Editor in 28.88 ms, found 3 plugins.
Preloading 0 native plugins for Editor in 0.00 ms.
Mono: successfully reloaded assembly
- Completed reload, in  0.689 seconds
Domain Reload Profiling:
	ReloadAssembly (689ms)
		BeginReloadAssembly (35ms)
			ExecutionOrderSort (0ms)
			DisableScriptedObjects (0ms)
			BackupInstance (0ms)
			ReleaseScriptingObjects (0ms)
			CreateAndSetChildDomain (1ms)
		EndReloadAssembly (280ms)
			LoadAssemblies (34ms)
			RebuildTransferFunctionScriptingTraits (0ms)
			SetupTypeCache (92ms)
			ReleaseScriptCaches (0ms)
			RebuildScriptCaches (19ms)
			SetupLoadedEditorAssemblies (121ms)
				LogAssemblyErrors (0ms)
				InitializePlatformSupportModulesInManaged (3ms)
				SetLoadedEditorAssemblies (0ms)
				RefreshPlugins (29ms)
				BeforeProcessingInitializeOnLoad (5ms)
				ProcessInitializeOnLoadAttributes (64ms)
				ProcessInitializeOnLoadMethodAttributes (19ms)
				AfterProcessingInitializeOnLoad (0ms)
				EditorAssembliesLoaded (0ms)
			ExecutionOrderSort2 (0ms)
			AwakeInstancesAfterBackupRestoration (0ms)
Platform modules already initialized, skipping
Registering precompiled user dll's ...
Registered in 0.003108 seconds.
Begin MonoManager ReloadAssembly
Native extension for WindowsStandalone target not found
Refreshing native plugins compatible for Editor in 26.98 ms, found 3 plugins.
Preloading 0 native plugins for Editor in 0.00 ms.
Mono: successfully reloaded assembly
- Completed reload, in  0.752 seconds
Domain Reload Profiling:
	ReloadAssembly (753ms)
		BeginReloadAssembly (95ms)
			ExecutionOrderSort (0ms)
			DisableScriptedObjects (3ms)
			BackupInstance (0ms)
			ReleaseScriptingObjects (0ms)
			CreateAndSetChildDomain (14ms)
		EndReloadAssembly (617ms)
			LoadAssemblies (60ms)
			RebuildTransferFunctionScriptingTraits (0ms)
			SetupTypeCache (175ms)
			ReleaseScriptCaches (0ms)
			RebuildScriptCaches (29ms)
			SetupLoadedEditorAssemblies (275ms)
				LogAssemblyErrors (0ms)
				InitializePlatformSupportModulesInManaged (3ms)
				SetLoadedEditorAssemblies (0ms)
				RefreshPlugins (27ms)
				BeforeProcessingInitializeOnLoad (47ms)
				ProcessInitializeOnLoadAttributes (185ms)
				ProcessInitializeOnLoadMethodAttributes (9ms)
				AfterProcessingInitializeOnLoad (4ms)
				EditorAssembliesLoaded (0ms)
			ExecutionOrderSort2 (0ms)
			AwakeInstancesAfterBackupRestoration (4ms)
Platform modules already initialized, skipping
========================================================================
Worker process is ready to serve import requests
Launched and connected shader compiler UnityShaderCompiler.exe after 0.04 seconds
Refreshing native plugins compatible for Editor in 0.39 ms, found 3 plugins.
Preloading 0 native plugins for Editor in 0.00 ms.
Unloading 2092 Unused Serialized files (Serialized files now loaded: 0)
System memory in use before: 93.8 MB.
System memory in use after: 93.9 MB.

Unloading 28 unused Assets to reduce memory usage. Loaded Objects now: 2529.
Total: 2.751100 ms (FindLiveObjects: 0.158200 ms CreateObjectMapping: 0.058500 ms MarkObjects: 2.482300 ms  DeleteObjects: 0.051300 ms)

AssetImportParameters requested are different than current active one (requested -> active):
  custom:framework-win-MediaFoundation: 216162199b28c13a410421893ffa2e32 -> 
  custom:video-decoder-ogg-theora: a1e56fd34408186e4bbccfd4996cb3dc -> 
  custom:container-muxer-webm: aa71ff27fc2769a1b78a27578f13a17b -> 
  custom:container-demuxer-webm: 4f35f7cbe854078d1ac9338744f61a02 -> 
  custom:container-demuxer-ogg: 62fdf1f143b41e24485cea50d1cbac27 -> 
  custom:video-encoder-webm-vp8: eb34c28f22e8b96e1ab97ce403110664 -> 
  custom:video-decoder-webm-vp8: 9c59270c3fd7afecdb556c50c9e8de78 -> 
  custom:audio-decoder-ogg-vorbis: bf7c407c2cedff20999df2af8eb42d56 -> 
  custom:audio-encoder-webm-vorbis: bf7c407c2cedff20999df2af8eb42d56 -> 
========================================================================
Received Import Request.
  path: Assets/New Folder
  artifactKey: Guid(417c3d544f7c8124ab1057a7939ed31c) Importer(815301076,1909f56bfc062723c751e8b465ee728b)
Start importing Assets/New Folder using Guid(417c3d544f7c8124ab1057a7939ed31c) Importer(815301076,1909f56bfc062723c751e8b465ee728b)  -> (artifact id: '4bbe119becbe37a344c6431f6e018ec9') in 0.007740 seconds 
  Import took 0.009922 seconds .

========================================================================
Received Import Request.
  Time since last request: 4.508146 seconds.
  path: Assets/Sprites
  artifactKey: Guid(417c3d544f7c8124ab1057a7939ed31c) Importer(815301076,1909f56bfc062723c751e8b465ee728b)
Start importing Assets/Sprites using Guid(417c3d544f7c8124ab1057a7939ed31c) Importer(815301076,1909f56bfc062723c751e8b465ee728b)  -> (artifact id: 'b8ab1f95cec2379201fc2db966f212b9') in 0.007174 seconds 
  Import took 0.009755 seconds .

========================================================================
Received Import Request.
  Time since last request: 12.057746 seconds.
  path: Assets
  artifactKey: Guid(00000000000000001000000000000000) Importer(815301076,1909f56bfc062723c751e8b465ee728b)
Start importing Assets using Guid(00000000000000001000000000000000) Importer(815301076,1909f56bfc062723c751e8b465ee728b)  -> (artifact id: '42d402b061de3733987d63b9cc3b64de') in 0.007297 seconds 
  Import took 0.009799 seconds .

========================================================================
Received Import Request.
  Time since last request: 7.014548 seconds.
  path: Assets/Animations
  artifactKey: Guid(cbd0b93f0e18fc94d85ff886c39903b7) Importer(815301076,1909f56bfc062723c751e8b465ee728b)
Start importing Assets/Animations using Guid(cbd0b93f0e18fc94d85ff886c39903b7) Importer(815301076,1909f56bfc062723c751e8b465ee728b)  -> (artifact id: 'fc5db94d77c87aac762526975c5b993f') in 0.007521 seconds 
  Import took 0.010039 seconds .

========================================================================
Received Import Request.
  Time since last request: 50.463831 seconds.
  path: Assets/Scripts
  artifactKey: Guid(81faebd8f21f83e4aac96a398edbdf8f) Importer(815301076,1909f56bfc062723c751e8b465ee728b)
Start importing Assets/Scripts using Guid(81faebd8f21f83e4aac96a398edbdf8f) Importer(815301076,1909f56bfc062723c751e8b465ee728b)  -> (artifact id: 'b73637d02086aa60b1ed75c0e9f77f94') in 0.005244 seconds 
  Import took 0.007652 seconds .

========================================================================
Received Import Request.
  Time since last request: 5.130045 seconds.
  path: Assets/Sounds
  artifactKey: Guid(cc2d0d484fb302d43924ff14feae7515) Importer(815301076,1909f56bfc062723c751e8b465ee728b)
Start importing Assets/Sounds using Guid(cc2d0d484fb302d43924ff14feae7515) Importer(815301076,1909f56bfc062723c751e8b465ee728b)  -> (artifact id: '6426955e83e3a6208e4c8f244470e4fc') in 0.005614 seconds 
  Import took 0.008378 seconds .

========================================================================
Received Prepare
Registering precompiled user dll's ...
Registered in 0.002885 seconds.
Begin MonoManager ReloadAssembly
Native extension for WindowsStandalone target not found
Refreshing native plugins compatible for Editor in 0.38 ms, found 3 plugins.
Preloading 0 native plugins for Editor in 0.00 ms.
Mono: successfully reloaded assembly
- Completed reload, in  0.700 seconds
Domain Reload Profiling:
	ReloadAssembly (700ms)
		BeginReloadAssembly (92ms)
			ExecutionOrderSort (0ms)
			DisableScriptedObjects (4ms)
			BackupInstance (0ms)
			ReleaseScriptingObjects (0ms)
			CreateAndSetChildDomain (26ms)
		EndReloadAssembly (565ms)
			LoadAssemblies (58ms)
			RebuildTransferFunctionScriptingTraits (0ms)
			SetupTypeCache (177ms)
			ReleaseScriptCaches (1ms)
			RebuildScriptCaches (25ms)
			SetupLoadedEditorAssemblies (242ms)
				LogAssemblyErrors (0ms)
				InitializePlatformSupportModulesInManaged (3ms)
				SetLoadedEditorAssemblies (1ms)
				RefreshPlugins (0ms)
				BeforeProcessingInitializeOnLoad (44ms)
				ProcessInitializeOnLoadAttributes (185ms)
				ProcessInitializeOnLoadMethodAttributes (4ms)
				AfterProcessingInitializeOnLoad (4ms)
				EditorAssembliesLoaded (0ms)
			ExecutionOrderSort2 (0ms)
			AwakeInstancesAfterBackupRestoration (7ms)
Platform modules already initialized, skipping
Refreshing native plugins compatible for Editor in 0.34 ms, found 3 plugins.
Preloading 0 native plugins for Editor in 0.00 ms.
Unloading 2082 Unused Serialized files (Serialized files now loaded: 0)
System memory in use before: 93.3 MB.
System memory in use after: 93.4 MB.

Unloading 16 unused Assets to reduce memory usage. Loaded Objects now: 2532.
Total: 2.556300 ms (FindLiveObjects: 0.148200 ms CreateObjectMapping: 0.038900 ms MarkObjects: 2.355600 ms  DeleteObjects: 0.012700 ms)

AssetImportParameters requested are different than current active one (requested -> active):
  custom:framework-win-MediaFoundation: 216162199b28c13a410421893ffa2e32 -> 
  custom:video-decoder-ogg-theora: a1e56fd34408186e4bbccfd4996cb3dc -> 
  custom:container-muxer-webm: aa71ff27fc2769a1b78a27578f13a17b -> 
  custom:container-demuxer-webm: 4f35f7cbe854078d1ac9338744f61a02 -> 
  custom:container-demuxer-ogg: 62fdf1f143b41e24485cea50d1cbac27 -> 
  custom:video-encoder-webm-vp8: eb34c28f22e8b96e1ab97ce403110664 -> 
  custom:video-decoder-webm-vp8: 9c59270c3fd7afecdb556c50c9e8de78 -> 
  custom:audio-decoder-ogg-vorbis: bf7c407c2cedff20999df2af8eb42d56 -> 
  custom:audio-encoder-webm-vorbis: bf7c407c2cedff20999df2af8eb42d56 -> 
========================================================================
Received Import Request.
  Time since last request: 39.968650 seconds.
  path: Assets/Sprites/Dead (1).png
  artifactKey: Guid(301501ab94d16904d918bf0c22cc39f3) Importer(815301076,1909f56bfc062723c751e8b465ee728b)
Start importing Assets/Sprites/Dead (1).png using Guid(301501ab94d16904d918bf0c22cc39f3) Importer(815301076,1909f56bfc062723c751e8b465ee728b)  -> (artifact id: '2d60eafc8283f162aa9db1816e84b9aa') in 0.070004 seconds 
  Import took 0.072927 seconds .

========================================================================
Received Import Request.
  Time since last request: 0.000122 seconds.
  path: Assets/Sprites/Idle (1).png
  artifactKey: Guid(e36075fb229fd734ab0947e3dfd64376) Importer(815301076,1909f56bfc062723c751e8b465ee728b)
Start importing Assets/Sprites/Idle (1).png using Guid(e36075fb229fd734ab0947e3dfd64376) Importer(815301076,1909f56bfc062723c751e8b465ee728b)  -> (artifact id: '0b9808997a723c6661cccc43cfcaece3') in 0.022555 seconds 
  Import took 0.024877 seconds .

========================================================================
Received Import Request.
  Time since last request: 0.000127 seconds.
  path: Assets/Sprites/Hurt (5).png
  artifactKey: Guid(ce14056c05b5b0e49ad5eeb59750e3ab) Importer(815301076,1909f56bfc062723c751e8b465ee728b)
Start importing Assets/Sprites/Hurt (5).png using Guid(ce14056c05b5b0e49ad5eeb59750e3ab) Importer(815301076,1909f56bfc062723c751e8b465ee728b)  -> (artifact id: 'd3176db2fe807a64e3d9d26a809798d0') in 0.014440 seconds 
  Import took 0.016697 seconds .

========================================================================
Received Import Request.
  Time since last request: 0.000108 seconds.
  path: Assets/Sprites/Walk (2).png
  artifactKey: Guid(d714b815ef9a55243b16d9da112177b5) Importer(815301076,1909f56bfc062723c751e8b465ee728b)
Start importing Assets/Sprites/Walk (2).png using Guid(d714b815ef9a55243b16d9da112177b5) Importer(815301076,1909f56bfc062723c751e8b465ee728b)  -> (artifact id: '37d6b0860a881d5cba1fc2e67c6659af') in 0.017521 seconds 
  Import took 0.020098 seconds .

========================================================================
Received Import Request.
  Time since last request: 0.000106 seconds.
  path: Assets/Sprites/Walk (8).png
  artifactKey: Guid(60436fa5931ab6b409efac6dc6b2161d) Importer(815301076,1909f56bfc062723c751e8b465ee728b)
Start importing Assets/Sprites/Walk (8).png using Guid(60436fa5931ab6b409efac6dc6b2161d) Importer(815301076,1909f56bfc062723c751e8b465ee728b)  -> (artifact id: '0a16da1d5dd853c337c2136ada8787c5') in 0.012230 seconds 
  Import took 0.015213 seconds .

========================================================================
Received Import Request.
  Time since last request: 0.000119 seconds.
  path: Assets/Sprites/Fall (3).png
  artifactKey: Guid(9c98489a65ffab14780778476cc42e41) Importer(815301076,1909f56bfc062723c751e8b465ee728b)
Start importing Assets/Sprites/Fall (3).png using Guid(9c98489a65ffab14780778476cc42e41) Importer(815301076,1909f56bfc062723c751e8b465ee728b)  -> (artifact id: '690ca513bb8a605288cb8196246e56c8') in 0.012929 seconds 
  Import took 0.015750 seconds .

========================================================================
Received Import Request.
  Time since last request: 0.000154 seconds.
  path: Assets/Sprites/Run (6).png
  artifactKey: Guid(a6559935d3086f04492ba1d7b16a1ccd) Importer(815301076,1909f56bfc062723c751e8b465ee728b)
Start importing Assets/Sprites/Run (6).png using Guid(a6559935d3086f04492ba1d7b16a1ccd) Importer(815301076,1909f56bfc062723c751e8b465ee728b)  -> (artifact id: '2e2e42b428bbb38fc6089053989f636b') in 0.015669 seconds 
  Import took 0.018449 seconds .

========================================================================
Received Import Request.
  Time since last request: 0.000109 seconds.
  path: Assets/Sprites/Slide (5).png
  artifactKey: Guid(55f3bc6ec130e5e44b5daca83ce56b93) Importer(815301076,1909f56bfc062723c751e8b465ee728b)
Start importing Assets/Sprites/Slide (5).png using Guid(55f3bc6ec130e5e44b5daca83ce56b93) Importer(815301076,1909f56bfc062723c751e8b465ee728b)  -> (artifact id: 'f3df4d0135fbfbcd6792e614ab9ebab9') in 0.012839 seconds 
  Import took 0.015567 seconds .

========================================================================
Received Import Request.
  Time since last request: 0.000151 seconds.
  path: Assets/Sprites/Run (3).png
  artifactKey: Guid(9894563ee52f0534d92401723ec1d277) Importer(815301076,1909f56bfc062723c751e8b465ee728b)
Start importing Assets/Sprites/Run (3).png using Guid(9894563ee52f0534d92401723ec1d277) Importer(815301076,1909f56bfc062723c751e8b465ee728b)  -> (artifact id: '680788d1ccaa43e5e556386215c7a12c') in 0.012098 seconds 
  Import took 0.014555 seconds .

========================================================================
Received Import Request.
  Time since last request: 0.000252 seconds.
  path: Assets/Sprites/Idle (6).png
  artifactKey: Guid(74474068a678b264b85fabfbd9a5e6b9) Importer(815301076,1909f56bfc062723c751e8b465ee728b)
Start importing Assets/Sprites/Idle (6).png using Guid(74474068a678b264b85fabfbd9a5e6b9) Importer(815301076,1909f56bfc062723c751e8b465ee728b)  -> (artifact id: 'ecf548daae21c1ef33ba2eac0e231953') in 0.016266 seconds 
  Import took 0.018766 seconds .

========================================================================
Received Import Request.
  Time since last request: 0.000114 seconds.
  path: Assets/Sprites/Jump (1).png
  artifactKey: Guid(d20d78fa0ef04784b98f44dd56356a3f) Importer(815301076,1909f56bfc062723c751e8b465ee728b)
Start importing Assets/Sprites/Jump (1).png using Guid(d20d78fa0ef04784b98f44dd56356a3f) Importer(815301076,1909f56bfc062723c751e8b465ee728b)  -> (artifact id: 'b60162ffc0ced008823c75a51f4d0a19') in 0.011284 seconds 
  Import took 0.013857 seconds .

========================================================================
Received Import Request.
  Time since last request: 0.000106 seconds.
  path: Assets/Sprites/Walk (7).png
  artifactKey: Guid(0d5b6b2466c9b244294d263d5d584bd8) Importer(815301076,1909f56bfc062723c751e8b465ee728b)
Start importing Assets/Sprites/Walk (7).png using Guid(0d5b6b2466c9b244294d263d5d584bd8) Importer(815301076,1909f56bfc062723c751e8b465ee728b)  -> (artifact id: '29d3f7e058c0cf9621266073f3c023fa') in 0.013409 seconds 
  Import took 0.016128 seconds .

========================================================================
Received Import Request.
  Time since last request: 0.000110 seconds.
  path: Assets/Sprites/Jump (4).png
  artifactKey: Guid(4218a5e2c67582d4aafb89eed7f6ce3d) Importer(815301076,1909f56bfc062723c751e8b465ee728b)
Start importing Assets/Sprites/Jump (4).png using Guid(4218a5e2c67582d4aafb89eed7f6ce3d) Importer(815301076,1909f56bfc062723c751e8b465ee728b)  -> (artifact id: 'aeafa06307228b5160125f51f36fafed') in 0.016485 seconds 
  Import took 0.019426 seconds .

========================================================================
Received Import Request.
  Time since last request: 0.000112 seconds.
  path: Assets/Sprites/Fall (5).png
  artifactKey: Guid(d859e05f75ce4ee43a5a792f3b0f4cdd) Importer(815301076,1909f56bfc062723c751e8b465ee728b)
Start importing Assets/Sprites/Fall (5).png using Guid(d859e05f75ce4ee43a5a792f3b0f4cdd) Importer(815301076,1909f56bfc062723c751e8b465ee728b)  -> (artifact id: '1f38114558587cff891a132a278c7acf') in 0.011891 seconds 
  Import took 0.014226 seconds .

========================================================================
Received Import Request.
  Time since last request: 0.000232 seconds.
  path: Assets/Sprites/Dead (10).png
  artifactKey: Guid(d5cb496f5e6fdc84ebde75d28f63903d) Importer(815301076,1909f56bfc062723c751e8b465ee728b)
Start importing Assets/Sprites/Dead (10).png using Guid(d5cb496f5e6fdc84ebde75d28f63903d) Importer(815301076,1909f56bfc062723c751e8b465ee728b)  -> (artifact id: '1ddccccfeb00cb5f82985192625d875e') in 0.012627 seconds 
  Import took 0.014990 seconds .

========================================================================
Received Import Request.
  Time since last request: 0.000109 seconds.
  path: Assets/Sprites/Jump (2).png
  artifactKey: Guid(38980922ad467ce499271795e8192767) Importer(815301076,1909f56bfc062723c751e8b465ee728b)
Start importing Assets/Sprites/Jump (2).png using Guid(38980922ad467ce499271795e8192767) Importer(815301076,1909f56bfc062723c751e8b465ee728b)  -> (artifact id: 'e8ef12c0c1d46d336b238f4712a1b48d') in 0.017496 seconds 
  Import took 0.020450 seconds .

========================================================================
Received Import Request.
  Time since last request: 0.000115 seconds.
  path: Assets/Sprites/Jump (8).png
  artifactKey: Guid(5a4c0f2a11b34cf42ab96eba79816272) Importer(815301076,1909f56bfc062723c751e8b465ee728b)
Start importing Assets/Sprites/Jump (8).png using Guid(5a4c0f2a11b34cf42ab96eba79816272) Importer(815301076,1909f56bfc062723c751e8b465ee728b)  -> (artifact id: '6abd70655e305cd0c83882a4b73bfdb4') in 0.012206 seconds 
  Import took 0.014630 seconds .

========================================================================
Received Import Request.
  Time since last request: 0.000125 seconds.
  path: Assets/Sprites/Slide (9).png
  artifactKey: Guid(0916aebc2c9244b4886c10cbdcb14256) Importer(815301076,1909f56bfc062723c751e8b465ee728b)
Start importing Assets/Sprites/Slide (9).png using Guid(0916aebc2c9244b4886c10cbdcb14256) Importer(815301076,1909f56bfc062723c751e8b465ee728b)  -> (artifact id: '3269995dfe7b687aa143cf6f1cbb1f23') in 0.011298 seconds 
  Import took 0.014063 seconds .

========================================================================
Received Import Request.
  Time since last request: 0.000118 seconds.
  path: Assets/Sprites/Fall (7).png
  artifactKey: Guid(d181e2abbdf32344cb6487b3925e39b2) Importer(815301076,1909f56bfc062723c751e8b465ee728b)
Start importing Assets/Sprites/Fall (7).png using Guid(d181e2abbdf32344cb6487b3925e39b2) Importer(815301076,1909f56bfc062723c751e8b465ee728b)  -> (artifact id: 'fad21a1ee505b67a77668d2d86d52d9c') in 0.015667 seconds 
  Import took 0.018133 seconds .

========================================================================
Received Import Request.
  Time since last request: 0.000120 seconds.
  path: Assets/Sprites/Walk (9).png
  artifactKey: Guid(f5f5626157844114b9bb602e033b5f9e) Importer(815301076,1909f56bfc062723c751e8b465ee728b)
Start importing Assets/Sprites/Walk (9).png using Guid(f5f5626157844114b9bb602e033b5f9e) Importer(815301076,1909f56bfc062723c751e8b465ee728b)  -> (artifact id: 'd3b9b2352e49c3b756c8d6ba2335e511') in 0.012865 seconds 
  Import took 0.015250 seconds .

========================================================================
Received Import Request.
  Time since last request: 0.000108 seconds.
  path: Assets/Sprites/Hurt (3).png
  artifactKey: Guid(2ed24d1bdaf9f8843a1adf90414c3a46) Importer(815301076,1909f56bfc062723c751e8b465ee728b)
Start importing Assets/Sprites/Hurt (3).png using Guid(2ed24d1bdaf9f8843a1adf90414c3a46) Importer(815301076,1909f56bfc062723c751e8b465ee728b)  -> (artifact id: 'e7354d649d85707fad77321214c7c826') in 0.015449 seconds 
  Import took 0.017782 seconds .

========================================================================
Received Import Request.
  Time since last request: 0.000118 seconds.
  path: Assets/Sprites/Idle (9).png
  artifactKey: Guid(ac7b700002ad5fb458575acfb4b8e620) Importer(815301076,1909f56bfc062723c751e8b465ee728b)
Start importing Assets/Sprites/Idle (9).png using Guid(ac7b700002ad5fb458575acfb4b8e620) Importer(815301076,1909f56bfc062723c751e8b465ee728b)  -> (artifact id: '1a2a198f6f613576958621002d218ec2') in 0.015995 seconds 
  Import took 0.018917 seconds .

========================================================================
Received Import Request.
  Time since last request: 0.000117 seconds.
  path: Assets/Sprites/Dead (4).png
  artifactKey: Guid(8cdada8aa8833c34581b2d0da6ce0a53) Importer(815301076,1909f56bfc062723c751e8b465ee728b)
Start importing Assets/Sprites/Dead (4).png using Guid(8cdada8aa8833c34581b2d0da6ce0a53) Importer(815301076,1909f56bfc062723c751e8b465ee728b)  -> (artifact id: 'b2436beb30882e394bf1572be5b4058a') in 0.011956 seconds 
  Import took 0.014275 seconds .

========================================================================
Received Import Request.
  Time since last request: 0.000226 seconds.
  path: Assets/Sprites/Idle (10).png
  artifactKey: Guid(b2949b5a57d46ee4c9b9cf32476fad69) Importer(815301076,1909f56bfc062723c751e8b465ee728b)
Start importing Assets/Sprites/Idle (10).png using Guid(b2949b5a57d46ee4c9b9cf32476fad69) Importer(815301076,1909f56bfc062723c751e8b465ee728b)  -> (artifact id: '534228acb26dfc81e9a7cb5b086ade4f') in 0.011900 seconds 
  Import took 0.014650 seconds .

========================================================================
Received Import Request.
  Time since last request: 0.000129 seconds.
  path: Assets/Sprites/Idle (2).png
  artifactKey: Guid(e19068ea55afab840844121b5fd51f44) Importer(815301076,1909f56bfc062723c751e8b465ee728b)
Start importing Assets/Sprites/Idle (2).png using Guid(e19068ea55afab840844121b5fd51f44) Importer(815301076,1909f56bfc062723c751e8b465ee728b)  -> (artifact id: '4a426b801977687fad1c35e896be7061') in 0.013471 seconds 
  Import took 0.016092 seconds .

========================================================================
Received Import Request.
  Time since last request: 0.000136 seconds.
  path: Assets/Sprites/Dead (5).png
  artifactKey: Guid(79b78de41f33ba14ca8d00768602ee74) Importer(815301076,1909f56bfc062723c751e8b465ee728b)
Start importing Assets/Sprites/Dead (5).png using Guid(79b78de41f33ba14ca8d00768602ee74) Importer(815301076,1909f56bfc062723c751e8b465ee728b)  -> (artifact id: '8fd665bd8be3aa26050876ee30209dcc') in 0.016227 seconds 
  Import took 0.018744 seconds .

========================================================================
Received Import Request.
  Time since last request: 0.000147 seconds.
  path: Assets/Sprites/Walk (5).png
  artifactKey: Guid(8e854f2c614ec004fa868db6abeacc08) Importer(815301076,1909f56bfc062723c751e8b465ee728b)
Start importing Assets/Sprites/Walk (5).png using Guid(8e854f2c614ec004fa868db6abeacc08) Importer(815301076,1909f56bfc062723c751e8b465ee728b)  -> (artifact id: '9eab5f0108c276a2b9ec0e55fdd4b69a') in 0.009884 seconds 
  Import took 0.012759 seconds .

========================================================================
Received Import Request.
  Time since last request: 0.000118 seconds.
  path: Assets/Sprites/Slide (1).png
  artifactKey: Guid(4a8d897d27926d84a8fb35f16c2634a8) Importer(815301076,1909f56bfc062723c751e8b465ee728b)
Start importing Assets/Sprites/Slide (1).png using Guid(4a8d897d27926d84a8fb35f16c2634a8) Importer(815301076,1909f56bfc062723c751e8b465ee728b)  -> (artifact id: 'f675fb32526e20534b5724d66722a26c') in 0.013607 seconds 
  Import took 0.016097 seconds .

========================================================================
Received Import Request.
  Time since last request: 0.000117 seconds.
  path: Assets/Sprites/Slide (7).png
  artifactKey: Guid(ee64d88f4a194464bbcb01624db427b0) Importer(815301076,1909f56bfc062723c751e8b465ee728b)
Start importing Assets/Sprites/Slide (7).png using Guid(ee64d88f4a194464bbcb01624db427b0) Importer(815301076,1909f56bfc062723c751e8b465ee728b)  -> (artifact id: '2ca0ca266b7215fd23a634bdf66b537c') in 0.011122 seconds 
  Import took 0.013736 seconds .

========================================================================
Received Import Request.
  Time since last request: 0.000110 seconds.
  path: Assets/Sprites/Dead (6).png
  artifactKey: Guid(9e2a34ab8db191d4296cc5d90187a295) Importer(815301076,1909f56bfc062723c751e8b465ee728b)
Start importing Assets/Sprites/Dead (6).png using Guid(9e2a34ab8db191d4296cc5d90187a295) Importer(815301076,1909f56bfc062723c751e8b465ee728b)  -> (artifact id: 'bcf900772c78ddf3aadf907dd35d677c') in 0.010967 seconds 
  Import took 0.013415 seconds .

========================================================================
Received Import Request.
  Time since last request: 0.000105 seconds.
  path: Assets/Sprites/Hurt (8).png
  artifactKey: Guid(4350e428c7f404b45b5e325b40396c5d) Importer(815301076,1909f56bfc062723c751e8b465ee728b)
Start importing Assets/Sprites/Hurt (8).png using Guid(4350e428c7f404b45b5e325b40396c5d) Importer(815301076,1909f56bfc062723c751e8b465ee728b)  -> (artifact id: 'e4fd8514d8c3ed3d8222b68a60edb70e') in 0.010463 seconds 
  Import took 0.012976 seconds .

========================================================================
Received Import Request.
  Time since last request: 0.000111 seconds.
  path: Assets/Sprites/Dead (3).png
  artifactKey: Guid(bf857a08f40445e429855c0c631f8c7a) Importer(815301076,1909f56bfc062723c751e8b465ee728b)
Start importing Assets/Sprites/Dead (3).png using Guid(bf857a08f40445e429855c0c631f8c7a) Importer(815301076,1909f56bfc062723c751e8b465ee728b)  -> (artifact id: '558209caae39ee625c39757d418da1b5') in 0.010685 seconds 
  Import took 0.013141 seconds .

========================================================================
Received Import Request.
  Time since last request: 0.000115 seconds.
  path: Assets/Sprites/Idle (5).png
  artifactKey: Guid(b08ac32eb47048a4d85fb186ffcfa11c) Importer(815301076,1909f56bfc062723c751e8b465ee728b)
Start importing Assets/Sprites/Idle (5).png using Guid(b08ac32eb47048a4d85fb186ffcfa11c) Importer(815301076,1909f56bfc062723c751e8b465ee728b)  -> (artifact id: '4ec21685a45ec683020ca2f9d3adbfcd') in 0.010155 seconds 
  Import took 0.012595 seconds .

========================================================================
Received Import Request.
  Time since last request: 0.000109 seconds.
  path: Assets/Sprites/Fall (4).png
  artifactKey: Guid(ddd701d6c91cded49848aa0e58d0b1b0) Importer(815301076,1909f56bfc062723c751e8b465ee728b)
Start importing Assets/Sprites/Fall (4).png using Guid(ddd701d6c91cded49848aa0e58d0b1b0) Importer(815301076,1909f56bfc062723c751e8b465ee728b)  -> (artifact id: 'addaa933dc2fe05f68caad59959c4b43') in 0.011115 seconds 
  Import took 0.013880 seconds .

========================================================================
Received Import Request.
  Time since last request: 0.000125 seconds.
  path: Assets/Sprites/Fall (8).png
  artifactKey: Guid(63684c95989dfab4792185d81dc5c2fd) Importer(815301076,1909f56bfc062723c751e8b465ee728b)
Start importing Assets/Sprites/Fall (8).png using Guid(63684c95989dfab4792185d81dc5c2fd) Importer(815301076,1909f56bfc062723c751e8b465ee728b)  -> (artifact id: 'aad126577dc4b57d14dbf8408162c2ca') in 0.011456 seconds 
  Import took 0.013750 seconds .

========================================================================
Received Import Request.
  Time since last request: 0.000101 seconds.
  path: Assets/Sprites/Jump (3).png
  artifactKey: Guid(1bf0879c0be0b3340b2aed65c95643f0) Importer(815301076,1909f56bfc062723c751e8b465ee728b)
Start importing Assets/Sprites/Jump (3).png using Guid(1bf0879c0be0b3340b2aed65c95643f0) Importer(815301076,1909f56bfc062723c751e8b465ee728b)  -> (artifact id: '51d077febb7999247d1b1378238744ee') in 0.010724 seconds 
  Import took 0.013002 seconds .

========================================================================
Received Import Request.
  Time since last request: 0.000107 seconds.
  path: Assets/Sprites/Run (5).png
  artifactKey: Guid(0af414aeef835714e8ff8678e8385b79) Importer(815301076,1909f56bfc062723c751e8b465ee728b)
Start importing Assets/Sprites/Run (5).png using Guid(0af414aeef835714e8ff8678e8385b79) Importer(815301076,1909f56bfc062723c751e8b465ee728b)  -> (artifact id: 'fc07da8e35ba9ec7ae0d906104b3cc07') in 0.010947 seconds 
  Import took 0.014023 seconds .

========================================================================
Received Import Request.
  Time since last request: 0.000118 seconds.
  path: Assets/Sprites/Fall (1).png
  artifactKey: Guid(b41573e25153e2c44aa68032bb665b75) Importer(815301076,1909f56bfc062723c751e8b465ee728b)
Start importing Assets/Sprites/Fall (1).png using Guid(b41573e25153e2c44aa68032bb665b75) Importer(815301076,1909f56bfc062723c751e8b465ee728b)  -> (artifact id: '99c86e79519c39bdea7ae726d2044760') in 0.010331 seconds 
  Import took 0.012733 seconds .

========================================================================
Received Import Request.
  Time since last request: 0.000124 seconds.
  path: Assets/Sprites/Idle (3).png
  artifactKey: Guid(dd2e815daf34d944681500d27de8061e) Importer(815301076,1909f56bfc062723c751e8b465ee728b)
Start importing Assets/Sprites/Idle (3).png using Guid(dd2e815daf34d944681500d27de8061e) Importer(815301076,1909f56bfc062723c751e8b465ee728b)  -> (artifact id: '772d9557a05e6bd958de4f1336293544') in 0.011530 seconds 
  Import took 0.013951 seconds .

========================================================================
Received Import Request.
  Time since last request: 0.000113 seconds.
  path: Assets/Sprites/Idle (8).png
  artifactKey: Guid(07a60257908a94d448a8557ad4599ae9) Importer(815301076,1909f56bfc062723c751e8b465ee728b)
Start importing Assets/Sprites/Idle (8).png using Guid(07a60257908a94d448a8557ad4599ae9) Importer(815301076,1909f56bfc062723c751e8b465ee728b)  -> (artifact id: '654332a8a75c9123130e7208a964be10') in 0.012760 seconds 
  Import took 0.015464 seconds .

========================================================================
Received Import Request.
  Time since last request: 0.000106 seconds.
  path: Assets/Sprites/Run (1).png
  artifactKey: Guid(db6bf3e009ae24846a8690422e29a938) Importer(815301076,1909f56bfc062723c751e8b465ee728b)
Start importing Assets/Sprites/Run (1).png using Guid(db6bf3e009ae24846a8690422e29a938) Importer(815301076,1909f56bfc062723c751e8b465ee728b)  -> (artifact id: 'ec2e373ed8093411df8dd66a1b467c9a') in 0.011560 seconds 
  Import took 0.013933 seconds .

========================================================================
Received Import Request.
  Time since last request: 0.000133 seconds.
  path: Assets/Sprites/Slide (8).png
  artifactKey: Guid(c1b8e9941c905604a9c50a36cfd4603e) Importer(815301076,1909f56bfc062723c751e8b465ee728b)
Start importing Assets/Sprites/Slide (8).png using Guid(c1b8e9941c905604a9c50a36cfd4603e) Importer(815301076,1909f56bfc062723c751e8b465ee728b)  -> (artifact id: '7b67062e4b62e88e859bd1555bb9fb47') in 0.010685 seconds 
  Import took 0.013126 seconds .

========================================================================
Received Import Request.
  Time since last request: 0.000114 seconds.
  path: Assets/Sprites/Hurt (6).png
  artifactKey: Guid(2451cf8678e259f42b7f16270e8a9a4c) Importer(815301076,1909f56bfc062723c751e8b465ee728b)
Start importing Assets/Sprites/Hurt (6).png using Guid(2451cf8678e259f42b7f16270e8a9a4c) Importer(815301076,1909f56bfc062723c751e8b465ee728b)  -> (artifact id: '991eabe39300f3665bfcaa48c9097113') in 0.010254 seconds 
  Import took 0.013099 seconds .

========================================================================
Received Import Request.
  Time since last request: 0.000113 seconds.
  path: Assets/Sprites/Hurt (9).png
  artifactKey: Guid(617bafa8606c3f2499f9709644f48a06) Importer(815301076,1909f56bfc062723c751e8b465ee728b)
Start importing Assets/Sprites/Hurt (9).png using Guid(617bafa8606c3f2499f9709644f48a06) Importer(815301076,1909f56bfc062723c751e8b465ee728b)  -> (artifact id: '36b1a850833f6c77f6d6e3fd126ebcd4') in 0.009943 seconds 
  Import took 0.012313 seconds .

========================================================================
Received Import Request.
  Time since last request: 0.000103 seconds.
  path: Assets/Sprites/Walk (1).png
  artifactKey: Guid(2d1cc3d70e13368448b995de1fa2399c) Importer(815301076,1909f56bfc062723c751e8b465ee728b)
Start importing Assets/Sprites/Walk (1).png using Guid(2d1cc3d70e13368448b995de1fa2399c) Importer(815301076,1909f56bfc062723c751e8b465ee728b)  -> (artifact id: '16be3cf41050acf4cc1fed6eb4ef0fc7') in 0.011297 seconds 
  Import took 0.013969 seconds .

========================================================================
Received Import Request.
  Time since last request: 0.000105 seconds.
  path: Assets/Sprites/Idle (7).png
  artifactKey: Guid(6695002308c95b447876263a3e4c9299) Importer(815301076,1909f56bfc062723c751e8b465ee728b)
Start importing Assets/Sprites/Idle (7).png using Guid(6695002308c95b447876263a3e4c9299) Importer(815301076,1909f56bfc062723c751e8b465ee728b)  -> (artifact id: '44f061cb212284d40ac97da6ff2216ce') in 0.011664 seconds 
  Import took 0.014363 seconds .

========================================================================
Received Import Request.
  Time since last request: 0.000124 seconds.
  path: Assets/Sprites/Slide (3).png
  artifactKey: Guid(3722060b3e9f71040aa668ee01c7b911) Importer(815301076,1909f56bfc062723c751e8b465ee728b)
Start importing Assets/Sprites/Slide (3).png using Guid(3722060b3e9f71040aa668ee01c7b911) Importer(815301076,1909f56bfc062723c751e8b465ee728b)  -> (artifact id: 'feac7432ec3e7c961899c1ed2072369c') in 0.012174 seconds 
  Import took 0.014907 seconds .

========================================================================
Received Import Request.
  Time since last request: 0.000156 seconds.
  path: Assets/Sprites/Slide (2).png
  artifactKey: Guid(12b29e04232f75b47ac87bb46e9d898f) Importer(815301076,1909f56bfc062723c751e8b465ee728b)
Start importing Assets/Sprites/Slide (2).png using Guid(12b29e04232f75b47ac87bb46e9d898f) Importer(815301076,1909f56bfc062723c751e8b465ee728b)  -> (artifact id: '4aaba924631852398fbe6bde7eff6085') in 0.012484 seconds 
  Import took 0.015470 seconds .

========================================================================
Received Import Request.
  Time since last request: 0.000117 seconds.
  path: Assets/Sprites/Run (4).png
  artifactKey: Guid(6c822481033fa714bbcd74d4fe6aa5a6) Importer(815301076,1909f56bfc062723c751e8b465ee728b)
Start importing Assets/Sprites/Run (4).png using Guid(6c822481033fa714bbcd74d4fe6aa5a6) Importer(815301076,1909f56bfc062723c751e8b465ee728b)  -> (artifact id: '6cbd0cf29af4e5bede0c48854f6a0d04') in 0.012336 seconds 
  Import took 0.015334 seconds .

========================================================================
Received Import Request.
  Time since last request: 0.000121 seconds.
  path: Assets/Sprites/Dead (8).png
  artifactKey: Guid(4a00dc11be50cda48a3eabf2517a105e) Importer(815301076,1909f56bfc062723c751e8b465ee728b)
Start importing Assets/Sprites/Dead (8).png using Guid(4a00dc11be50cda48a3eabf2517a105e) Importer(815301076,1909f56bfc062723c751e8b465ee728b)  -> (artifact id: 'ac10b81ee11aeaad089b67abedff444d') in 0.011158 seconds 
  Import took 0.014413 seconds .

========================================================================
Received Import Request.
  Time since last request: 0.000110 seconds.
  path: Assets/Sprites/Walk (4).png
  artifactKey: Guid(e9ebe949055ee59418a8d2194fb7f24c) Importer(815301076,1909f56bfc062723c751e8b465ee728b)
Start importing Assets/Sprites/Walk (4).png using Guid(e9ebe949055ee59418a8d2194fb7f24c) Importer(815301076,1909f56bfc062723c751e8b465ee728b)  -> (artifact id: '8e124d78a15f9b39891a53e514ee130c') in 0.011358 seconds 
  Import took 0.014256 seconds .

========================================================================
Received Import Request.
  Time since last request: 0.000127 seconds.
  path: Assets/Sprites/Walk (3).png
  artifactKey: Guid(b84f1ac89dd417743b2528b36a532752) Importer(815301076,1909f56bfc062723c751e8b465ee728b)
Start importing Assets/Sprites/Walk (3).png using Guid(b84f1ac89dd417743b2528b36a532752) Importer(815301076,1909f56bfc062723c751e8b465ee728b)  -> (artifact id: 'f720f594eaa88f1e2b76cc5b65c0dde7') in 0.010833 seconds 
  Import took 0.013463 seconds .

========================================================================
Received Import Request.
  Time since last request: 0.000107 seconds.
  path: Assets/Sprites/Run (8).png
  artifactKey: Guid(5fabe868379af6d47bc140233f13bf80) Importer(815301076,1909f56bfc062723c751e8b465ee728b)
Start importing Assets/Sprites/Run (8).png using Guid(5fabe868379af6d47bc140233f13bf80) Importer(815301076,1909f56bfc062723c751e8b465ee728b)  -> (artifact id: '3a6782e113ab2362fe0ddc30a5062739') in 0.064904 seconds 
  Import took 0.067936 seconds .

========================================================================
Received Import Request.
  Time since last request: 0.000165 seconds.
  path: Assets/Sprites/Hurt (2).png
  artifactKey: Guid(6e9d8b2a88b260f46944b17ddcf42f00) Importer(815301076,1909f56bfc062723c751e8b465ee728b)
Start importing Assets/Sprites/Hurt (2).png using Guid(6e9d8b2a88b260f46944b17ddcf42f00) Importer(815301076,1909f56bfc062723c751e8b465ee728b)  -> (artifact id: '38a76dc4a900c6ed9fa4f8d0abaa928d') in 0.010954 seconds 
  Import took 0.014403 seconds .

========================================================================
Received Import Request.
  Time since last request: 0.000139 seconds.
  path: Assets/Sprites/Dead (7).png
  artifactKey: Guid(6742719d57edf1543953ce98678fefdf) Importer(815301076,1909f56bfc062723c751e8b465ee728b)
Start importing Assets/Sprites/Dead (7).png using Guid(6742719d57edf1543953ce98678fefdf) Importer(815301076,1909f56bfc062723c751e8b465ee728b)  -> (artifact id: '92cb7323a6cfd706d7457bbf318236df') in 0.010754 seconds 
  Import took 0.013381 seconds .

========================================================================
Received Import Request.
  Time since last request: 0.000109 seconds.
  path: Assets/Sprites/Fall (6).png
  artifactKey: Guid(efdec3ace14f87a4dac03367bc47892a) Importer(815301076,1909f56bfc062723c751e8b465ee728b)
Start importing Assets/Sprites/Fall (6).png using Guid(efdec3ace14f87a4dac03367bc47892a) Importer(815301076,1909f56bfc062723c751e8b465ee728b)  -> (artifact id: '092d06f6d87013d29750520f9ff87524') in 0.010108 seconds 
  Import took 0.012702 seconds .

========================================================================
Received Import Request.
  Time since last request: 0.000107 seconds.
  path: Assets/Sprites/Dead (9).png
  artifactKey: Guid(4aface7707a3a1a46b92cb688f40eda4) Importer(815301076,1909f56bfc062723c751e8b465ee728b)
Start importing Assets/Sprites/Dead (9).png using Guid(4aface7707a3a1a46b92cb688f40eda4) Importer(815301076,1909f56bfc062723c751e8b465ee728b)  -> (artifact id: '6d354aefa25ea4f6a06a0fd098650d19') in 0.010534 seconds 
  Import took 0.012944 seconds .

========================================================================
Received Import Request.
  Time since last request: 0.000133 seconds.
  path: Assets/Sprites/Slide (4).png
  artifactKey: Guid(86c45d530643d0648a9d8c85a68b270f) Importer(815301076,1909f56bfc062723c751e8b465ee728b)
Start importing Assets/Sprites/Slide (4).png using Guid(86c45d530643d0648a9d8c85a68b270f) Importer(815301076,1909f56bfc062723c751e8b465ee728b)  -> (artifact id: '5c089a1ac6c3b180f3d48e366dbaa056') in 0.011039 seconds 
  Import took 0.014007 seconds .

========================================================================
Received Import Request.
  Time since last request: 0.000130 seconds.
  path: Assets/Sprites/Jump (6).png
  artifactKey: Guid(0e7908db4839b6d4da3ce495a75eee35) Importer(815301076,1909f56bfc062723c751e8b465ee728b)
Start importing Assets/Sprites/Jump (6).png using Guid(0e7908db4839b6d4da3ce495a75eee35) Importer(815301076,1909f56bfc062723c751e8b465ee728b)  -> (artifact id: '9c114c91265be19ae5ab66c2e2478f15') in 0.010881 seconds 
  Import took 0.013597 seconds .

========================================================================
Received Import Request.
  Time since last request: 0.000119 seconds.
  path: Assets/Sprites/Walk (10).png
  artifactKey: Guid(fc9ad1a34bd0ae847a0899b662336c09) Importer(815301076,1909f56bfc062723c751e8b465ee728b)
Start importing Assets/Sprites/Walk (10).png using Guid(fc9ad1a34bd0ae847a0899b662336c09) Importer(815301076,1909f56bfc062723c751e8b465ee728b)  -> (artifact id: 'ee0714c81602cb8c1c63632d041d3276') in 0.011305 seconds 
  Import took 0.014315 seconds .

========================================================================
Received Import Request.
  Time since last request: 0.000116 seconds.
  path: Assets/Sprites/Run (2).png
  artifactKey: Guid(6598f00ba4b265f4fabbcf99601730b1) Importer(815301076,1909f56bfc062723c751e8b465ee728b)
Start importing Assets/Sprites/Run (2).png using Guid(6598f00ba4b265f4fabbcf99601730b1) Importer(815301076,1909f56bfc062723c751e8b465ee728b)  -> (artifact id: '5963985011d48258a6c07d61befcd964') in 0.012563 seconds 
  Import took 0.015619 seconds .

========================================================================
Received Import Request.
  Time since last request: 0.000125 seconds.
  path: Assets/Sprites/Hurt (1).png
  artifactKey: Guid(afa3d8f4d2550fb4fbd6732c7224f586) Importer(815301076,1909f56bfc062723c751e8b465ee728b)
Start importing Assets/Sprites/Hurt (1).png using Guid(afa3d8f4d2550fb4fbd6732c7224f586) Importer(815301076,1909f56bfc062723c751e8b465ee728b)  -> (artifact id: 'fa6c3778df5deddb0a948a69f2a4af88') in 0.011640 seconds 
  Import took 0.014012 seconds .

========================================================================
Received Import Request.
  Time since last request: 0.000112 seconds.
  path: Assets/Sprites/Slide (10).png
  artifactKey: Guid(7bd0a3ae5c1d3574292099e57e2730fe) Importer(815301076,1909f56bfc062723c751e8b465ee728b)
Start importing Assets/Sprites/Slide (10).png using Guid(7bd0a3ae5c1d3574292099e57e2730fe) Importer(815301076,1909f56bfc062723c751e8b465ee728b)  -> (artifact id: '7e0e2073be9fb2f200868da336d5f32b') in 0.010921 seconds 
  Import took 0.013971 seconds .

========================================================================
Received Import Request.
  Time since last request: 0.000116 seconds.
  path: Assets/Sprites/Run (7).png
  artifactKey: Guid(c48e8ab114ba0d241bffe5b1ff9d3e9e) Importer(815301076,1909f56bfc062723c751e8b465ee728b)
Start importing Assets/Sprites/Run (7).png using Guid(c48e8ab114ba0d241bffe5b1ff9d3e9e) Importer(815301076,1909f56bfc062723c751e8b465ee728b)  -> (artifact id: '286c3acf8ab8a3a38f04a99c8517bdf2') in 0.011355 seconds 
  Import took 0.013907 seconds .

========================================================================
Received Import Request.
  Time since last request: 0.000124 seconds.
  path: Assets/Sprites/Hurt (10).png
  artifactKey: Guid(df4cc78c101f85f45aed7e5f5ab6886d) Importer(815301076,1909f56bfc062723c751e8b465ee728b)
Start importing Assets/Sprites/Hurt (10).png using Guid(df4cc78c101f85f45aed7e5f5ab6886d) Importer(815301076,1909f56bfc062723c751e8b465ee728b)  -> (artifact id: '1afcdf8178dc34c1be9f2ce4d90539ad') in 0.011159 seconds 
  Import took 0.014366 seconds .

========================================================================
Received Import Request.
  Time since last request: 0.000110 seconds.
  path: Assets/Sprites/Jump (7).png
  artifactKey: Guid(3bcfc68a7141f574fbfb7544d0eba8ad) Importer(815301076,1909f56bfc062723c751e8b465ee728b)
Start importing Assets/Sprites/Jump (7).png using Guid(3bcfc68a7141f574fbfb7544d0eba8ad) Importer(815301076,1909f56bfc062723c751e8b465ee728b)  -> (artifact id: '15b562a2a570cb2c8e1dc2adbaa85f1c') in 0.011067 seconds 
  Import took 0.013895 seconds .

========================================================================
Received Import Request.
  Time since last request: 0.000114 seconds.
  path: Assets/Sprites/Walk (6).png
  artifactKey: Guid(7033493cad3e2a44d8056746752a6310) Importer(815301076,1909f56bfc062723c751e8b465ee728b)
Start importing Assets/Sprites/Walk (6).png using Guid(7033493cad3e2a44d8056746752a6310) Importer(815301076,1909f56bfc062723c751e8b465ee728b)  -> (artifact id: '40dcbceba88e9b717c360c79abbf081f') in 0.012128 seconds 
  Import took 0.015305 seconds .

========================================================================
Received Import Request.
  Time since last request: 0.000138 seconds.
  path: Assets/Sprites/Hurt (7).png
  artifactKey: Guid(b90b5ccd43eb0b14181e05a7cb6d9279) Importer(815301076,1909f56bfc062723c751e8b465ee728b)
Start importing Assets/Sprites/Hurt (7).png using Guid(b90b5ccd43eb0b14181e05a7cb6d9279) Importer(815301076,1909f56bfc062723c751e8b465ee728b)  -> (artifact id: '13e91378ea42426f9b35ce57d3b51d5f') in 0.011720 seconds 
  Import took 0.014209 seconds .

========================================================================
Received Import Request.
  Time since last request: 0.000106 seconds.
  path: Assets/Sprites/Jump (5).png
  artifactKey: Guid(9bc45c5f0e518a644bfaa499a887e0bd) Importer(815301076,1909f56bfc062723c751e8b465ee728b)
Start importing Assets/Sprites/Jump (5).png using Guid(9bc45c5f0e518a644bfaa499a887e0bd) Importer(815301076,1909f56bfc062723c751e8b465ee728b)  -> (artifact id: '553566aaac964a11def6dc8bb9cb3c87') in 0.011749 seconds 
  Import took 0.014394 seconds .

========================================================================
Received Import Request.
  Time since last request: 0.000131 seconds.
  path: Assets/Sprites/Slide (6).png
  artifactKey: Guid(9d5eaed38accb6448bf1e3e7c6ebb300) Importer(815301076,1909f56bfc062723c751e8b465ee728b)
Start importing Assets/Sprites/Slide (6).png using Guid(9d5eaed38accb6448bf1e3e7c6ebb300) Importer(815301076,1909f56bfc062723c751e8b465ee728b)  -> (artifact id: '3a5388685695e24c63dadefe2c8970b8') in 0.011210 seconds 
  Import took 0.013821 seconds .

========================================================================
Received Import Request.
  Time since last request: 0.000109 seconds.
  path: Assets/Sprites/Fall (2).png
  artifactKey: Guid(13ef02e494c96fb448b5f4020dd46c4f) Importer(815301076,1909f56bfc062723c751e8b465ee728b)
Start importing Assets/Sprites/Fall (2).png using Guid(13ef02e494c96fb448b5f4020dd46c4f) Importer(815301076,1909f56bfc062723c751e8b465ee728b)  -> (artifact id: '091a854ec8e61e3fcf4f61ef94f08618') in 0.011526 seconds 
  Import took 0.013773 seconds .

========================================================================
Received Import Request.
  Time since last request: 0.000116 seconds.
  path: Assets/Sprites/Idle (4).png
  artifactKey: Guid(bfb20d162dc20ec479497724cfd7ed6a) Importer(815301076,1909f56bfc062723c751e8b465ee728b)
Start importing Assets/Sprites/Idle (4).png using Guid(bfb20d162dc20ec479497724cfd7ed6a) Importer(815301076,1909f56bfc062723c751e8b465ee728b)  -> (artifact id: 'd068fe4fa63b37b8f520f5c83922d939') in 0.009955 seconds 
  Import took 0.012923 seconds .

========================================================================
Received Import Request.
  Time since last request: 0.000163 seconds.
  path: Assets/Sprites/Hurt (4).png
  artifactKey: Guid(2379f01bb615e814786169c6209b65a8) Importer(815301076,1909f56bfc062723c751e8b465ee728b)
Start importing Assets/Sprites/Hurt (4).png using Guid(2379f01bb615e814786169c6209b65a8) Importer(815301076,1909f56bfc062723c751e8b465ee728b)  -> (artifact id: '15d023ce086d02eaa9b361ffa5cf2c6c') in 0.010128 seconds 
  Import took 0.012825 seconds .

========================================================================
Received Import Request.
  Time since last request: 0.000107 seconds.
  path: Assets/Sprites/Dead (2).png
  artifactKey: Guid(5be4be5956a3c7d47bc8a15324e5300a) Importer(815301076,1909f56bfc062723c751e8b465ee728b)
Start importing Assets/Sprites/Dead (2).png using Guid(5be4be5956a3c7d47bc8a15324e5300a) Importer(815301076,1909f56bfc062723c751e8b465ee728b)  -> (artifact id: 'fbc5972d18de989f007797f084b22748') in 0.011536 seconds 
  Import took 0.013831 seconds .

========================================================================
Received Prepare
Registering precompiled user dll's ...
Registered in 0.002895 seconds.
Begin MonoManager ReloadAssembly
Native extension for WindowsStandalone target not found
Refreshing native plugins compatible for Editor in 0.43 ms, found 3 plugins.
Preloading 0 native plugins for Editor in 0.00 ms.
Mono: successfully reloaded assembly
- Completed reload, in  0.758 seconds
Domain Reload Profiling:
	ReloadAssembly (758ms)
		BeginReloadAssembly (96ms)
			ExecutionOrderSort (0ms)
			DisableScriptedObjects (5ms)
			BackupInstance (0ms)
			ReleaseScriptingObjects (0ms)
			CreateAndSetChildDomain (28ms)
		EndReloadAssembly (618ms)
			LoadAssemblies (62ms)
			RebuildTransferFunctionScriptingTraits (0ms)
			SetupTypeCache (186ms)
			ReleaseScriptCaches (1ms)
			RebuildScriptCaches (28ms)
			SetupLoadedEditorAssemblies (268ms)
				LogAssemblyErrors (0ms)
				InitializePlatformSupportModulesInManaged (4ms)
				SetLoadedEditorAssemblies (0ms)
				RefreshPlugins (0ms)
				BeforeProcessingInitializeOnLoad (45ms)
				ProcessInitializeOnLoadAttributes (209ms)
				ProcessInitializeOnLoadMethodAttributes (5ms)
				AfterProcessingInitializeOnLoad (5ms)
				EditorAssembliesLoaded (0ms)
			ExecutionOrderSort2 (0ms)
			AwakeInstancesAfterBackupRestoration (9ms)
Platform modules already initialized, skipping
Refreshing native plugins compatible for Editor in 0.51 ms, found 3 plugins.
Preloading 0 native plugins for Editor in 0.00 ms.
Unloading 2082 Unused Serialized files (Serialized files now loaded: 0)
System memory in use before: 96.3 MB.
System memory in use after: 96.5 MB.

Unloading 16 unused Assets to reduce memory usage. Loaded Objects now: 2543.
Total: 2.496700 ms (FindLiveObjects: 0.158000 ms CreateObjectMapping: 0.056600 ms MarkObjects: 2.267800 ms  DeleteObjects: 0.013200 ms)

AssetImportParameters requested are different than current active one (requested -> active):
  custom:framework-win-MediaFoundation: 216162199b28c13a410421893ffa2e32 -> 
  custom:video-decoder-ogg-theora: a1e56fd34408186e4bbccfd4996cb3dc -> 
  custom:container-muxer-webm: aa71ff27fc2769a1b78a27578f13a17b -> 
  custom:container-demuxer-webm: 4f35f7cbe854078d1ac9338744f61a02 -> 
  custom:container-demuxer-ogg: 62fdf1f143b41e24485cea50d1cbac27 -> 
  custom:video-encoder-webm-vp8: eb34c28f22e8b96e1ab97ce403110664 -> 
  custom:video-decoder-webm-vp8: 9c59270c3fd7afecdb556c50c9e8de78 -> 
  custom:audio-decoder-ogg-vorbis: bf7c407c2cedff20999df2af8eb42d56 -> 
  custom:audio-encoder-webm-vorbis: bf7c407c2cedff20999df2af8eb42d56 -> 
========================================================================
Received Prepare
Registering precompiled user dll's ...
Registered in 0.002711 seconds.
Begin MonoManager ReloadAssembly
Native extension for WindowsStandalone target not found
Refreshing native plugins compatible for Editor in 0.52 ms, found 3 plugins.
Preloading 0 native plugins for Editor in 0.00 ms.
Mono: successfully reloaded assembly
- Completed reload, in  0.698 seconds
Domain Reload Profiling:
	ReloadAssembly (698ms)
		BeginReloadAssembly (78ms)
			ExecutionOrderSort (0ms)
			DisableScriptedObjects (5ms)
			BackupInstance (0ms)
			ReleaseScriptingObjects (0ms)
			CreateAndSetChildDomain (24ms)
		EndReloadAssembly (578ms)
			LoadAssemblies (59ms)
			RebuildTransferFunctionScriptingTraits (0ms)
			SetupTypeCache (173ms)
			ReleaseScriptCaches (1ms)
			RebuildScriptCaches (26ms)
			SetupLoadedEditorAssemblies (251ms)
				LogAssemblyErrors (0ms)
				InitializePlatformSupportModulesInManaged (4ms)
				SetLoadedEditorAssemblies (0ms)
				RefreshPlugins (1ms)
				BeforeProcessingInitializeOnLoad (43ms)
				ProcessInitializeOnLoadAttributes (195ms)
				ProcessInitializeOnLoadMethodAttributes (4ms)
				AfterProcessingInitializeOnLoad (4ms)
				EditorAssembliesLoaded (0ms)
			ExecutionOrderSort2 (0ms)
			AwakeInstancesAfterBackupRestoration (7ms)
Platform modules already initialized, skipping
Refreshing native plugins compatible for Editor in 0.42 ms, found 3 plugins.
Preloading 0 native plugins for Editor in 0.00 ms.
Unloading 2082 Unused Serialized files (Serialized files now loaded: 0)
System memory in use before: 96.4 MB.
System memory in use after: 96.5 MB.

Unloading 16 unused Assets to reduce memory usage. Loaded Objects now: 2546.
Total: 2.544900 ms (FindLiveObjects: 0.170600 ms CreateObjectMapping: 0.040400 ms MarkObjects: 2.317500 ms  DeleteObjects: 0.015400 ms)

AssetImportParameters requested are different than current active one (requested -> active):
  custom:framework-win-MediaFoundation: 216162199b28c13a410421893ffa2e32 -> 
  custom:video-decoder-ogg-theora: a1e56fd34408186e4bbccfd4996cb3dc -> 
  custom:container-muxer-webm: aa71ff27fc2769a1b78a27578f13a17b -> 
  custom:container-demuxer-webm: 4f35f7cbe854078d1ac9338744f61a02 -> 
  custom:container-demuxer-ogg: 62fdf1f143b41e24485cea50d1cbac27 -> 
  custom:video-encoder-webm-vp8: eb34c28f22e8b96e1ab97ce403110664 -> 
  custom:video-decoder-webm-vp8: 9c59270c3fd7afecdb556c50c9e8de78 -> 
  custom:audio-decoder-ogg-vorbis: bf7c407c2cedff20999df2af8eb42d56 -> 
  custom:audio-encoder-webm-vorbis: bf7c407c2cedff20999df2af8eb42d56 -> 
========================================================================
Received Prepare
Registering precompiled user dll's ...
Registered in 0.002892 seconds.
Begin MonoManager ReloadAssembly
Native extension for WindowsStandalone target not found
Refreshing native plugins compatible for Editor in 0.39 ms, found 3 plugins.
Preloading 0 native plugins for Editor in 0.00 ms.
Mono: successfully reloaded assembly
- Completed reload, in  0.683 seconds
Domain Reload Profiling:
	ReloadAssembly (683ms)
		BeginReloadAssembly (79ms)
			ExecutionOrderSort (0ms)
			DisableScriptedObjects (5ms)
			BackupInstance (0ms)
			ReleaseScriptingObjects (0ms)
			CreateAndSetChildDomain (25ms)
		EndReloadAssembly (562ms)
			LoadAssemblies (59ms)
			RebuildTransferFunctionScriptingTraits (0ms)
			SetupTypeCache (170ms)
			ReleaseScriptCaches (1ms)
			RebuildScriptCaches (26ms)
			SetupLoadedEditorAssemblies (244ms)
				LogAssemblyErrors (0ms)
				InitializePlatformSupportModulesInManaged (3ms)
				SetLoadedEditorAssemblies (0ms)
				RefreshPlugins (0ms)
				BeforeProcessingInitializeOnLoad (45ms)
				ProcessInitializeOnLoadAttributes (186ms)
				ProcessInitializeOnLoadMethodAttributes (4ms)
				AfterProcessingInitializeOnLoad (4ms)
				EditorAssembliesLoaded (0ms)
			ExecutionOrderSort2 (0ms)
			AwakeInstancesAfterBackupRestoration (7ms)
Platform modules already initialized, skipping
Refreshing native plugins compatible for Editor in 0.37 ms, found 3 plugins.
Preloading 0 native plugins for Editor in 0.00 ms.
Unloading 2082 Unused Serialized files (Serialized files now loaded: 0)
System memory in use before: 96.4 MB.
System memory in use after: 96.5 MB.

Unloading 16 unused Assets to reduce memory usage. Loaded Objects now: 2549.
Total: 2.465100 ms (FindLiveObjects: 0.143000 ms CreateObjectMapping: 0.047900 ms MarkObjects: 2.260600 ms  DeleteObjects: 0.012900 ms)

AssetImportParameters requested are different than current active one (requested -> active):
  custom:framework-win-MediaFoundation: 216162199b28c13a410421893ffa2e32 -> 
  custom:video-decoder-ogg-theora: a1e56fd34408186e4bbccfd4996cb3dc -> 
  custom:container-muxer-webm: aa71ff27fc2769a1b78a27578f13a17b -> 
  custom:container-demuxer-webm: 4f35f7cbe854078d1ac9338744f61a02 -> 
  custom:container-demuxer-ogg: 62fdf1f143b41e24485cea50d1cbac27 -> 
  custom:video-encoder-webm-vp8: eb34c28f22e8b96e1ab97ce403110664 -> 
  custom:video-decoder-webm-vp8: 9c59270c3fd7afecdb556c50c9e8de78 -> 
  custom:audio-decoder-ogg-vorbis: bf7c407c2cedff20999df2af8eb42d56 -> 
  custom:audio-encoder-webm-vorbis: bf7c407c2cedff20999df2af8eb42d56 -> 
========================================================================
Received Import Request.
  Time since last request: 637.136384 seconds.
  path: Assets/Animations/Idle (1).controller
  artifactKey: Guid(cf8d66849d2adc84fb739c18065eac80) Importer(815301076,1909f56bfc062723c751e8b465ee728b)
Start importing Assets/Animations/Idle (1).controller using Guid(cf8d66849d2adc84fb739c18065eac80) Importer(815301076,1909f56bfc062723c751e8b465ee728b)  -> (artifact id: '7ba68f29dff4aa0e3c65cf9cd35360d1') in 0.013345 seconds 
  Import took 0.016119 seconds .

========================================================================
Received Import Request.
  Time since last request: 324.910018 seconds.
  path: Assets/Scripts/NewBehaviourScript.cs
  artifactKey: Guid(9af38eab165a02c43accf5780b3610e5) Importer(815301076,1909f56bfc062723c751e8b465ee728b)
Start importing Assets/Scripts/NewBehaviourScript.cs using Guid(9af38eab165a02c43accf5780b3610e5) Importer(815301076,1909f56bfc062723c751e8b465ee728b)  -> (artifact id: 'f60b2fd94d9aa1a2a7f6a6a90b2d478c') in 0.012424 seconds 
  Import took 0.015121 seconds .

========================================================================
Received Import Request.
  Time since last request: 0.003114 seconds.
  path: Assets/Scripts/NewBehaviourScript.cs
  artifactKey: Guid(9af38eab165a02c43accf5780b3610e5) Importer(815301076,1909f56bfc062723c751e8b465ee728b)
Start importing Assets/Scripts/NewBehaviourScript.cs using Guid(9af38eab165a02c43accf5780b3610e5) Importer(815301076,1909f56bfc062723c751e8b465ee728b)  -> (artifact id: 'f60b2fd94d9aa1a2a7f6a6a90b2d478c') in 0.001776 seconds 
  Import took 0.004274 seconds .

========================================================================
Received Import Request.
  Time since last request: 248.683060 seconds.
  path: Assets/Scripts/NewBehaviourScript.cs
  artifactKey: Guid(9af38eab165a02c43accf5780b3610e5) Importer(815301076,1909f56bfc062723c751e8b465ee728b)
Start importing Assets/Scripts/NewBehaviourScript.cs using Guid(9af38eab165a02c43accf5780b3610e5) Importer(815301076,1909f56bfc062723c751e8b465ee728b)  -> (artifact id: 'cb6e8d7f6979c8745c3e7eb945bccde6') in 0.001762 seconds 
  Import took 0.004190 seconds .

========================================================================
Received Prepare
Registering precompiled user dll's ...
Registered in 0.002821 seconds.
Begin MonoManager ReloadAssembly
Native extension for WindowsStandalone target not found
Refreshing native plugins compatible for Editor in 0.41 ms, found 3 plugins.
Preloading 0 native plugins for Editor in 0.00 ms.
Mono: successfully reloaded assembly
- Completed reload, in  0.681 seconds
Domain Reload Profiling:
	ReloadAssembly (681ms)
		BeginReloadAssembly (92ms)
			ExecutionOrderSort (0ms)
			DisableScriptedObjects (4ms)
			BackupInstance (0ms)
			ReleaseScriptingObjects (0ms)
			CreateAndSetChildDomain (27ms)
		EndReloadAssembly (549ms)
			LoadAssemblies (58ms)
			RebuildTransferFunctionScriptingTraits (0ms)
			SetupTypeCache (170ms)
			ReleaseScriptCaches (1ms)
			RebuildScriptCaches (26ms)
			SetupLoadedEditorAssemblies (233ms)
				LogAssemblyErrors (0ms)
				InitializePlatformSupportModulesInManaged (3ms)
				SetLoadedEditorAssemblies (0ms)
				RefreshPlugins (0ms)
				BeforeProcessingInitializeOnLoad (41ms)
				ProcessInitializeOnLoadAttributes (180ms)
				ProcessInitializeOnLoadMethodAttributes (4ms)
				AfterProcessingInitializeOnLoad (4ms)
				EditorAssembliesLoaded (0ms)
			ExecutionOrderSort2 (0ms)
			AwakeInstancesAfterBackupRestoration (7ms)
Platform modules already initialized, skipping
Refreshing native plugins compatible for Editor in 0.36 ms, found 3 plugins.
Preloading 0 native plugins for Editor in 0.00 ms.
Unloading 2082 Unused Serialized files (Serialized files now loaded: 0)
System memory in use before: 96.4 MB.
System memory in use after: 96.5 MB.

Unloading 16 unused Assets to reduce memory usage. Loaded Objects now: 2552.
Total: 2.394300 ms (FindLiveObjects: 0.157100 ms CreateObjectMapping: 0.038700 ms MarkObjects: 2.184400 ms  DeleteObjects: 0.013400 ms)

AssetImportParameters requested are different than current active one (requested -> active):
  custom:framework-win-MediaFoundation: 216162199b28c13a410421893ffa2e32 -> 
  custom:video-decoder-ogg-theora: a1e56fd34408186e4bbccfd4996cb3dc -> 
  custom:container-muxer-webm: aa71ff27fc2769a1b78a27578f13a17b -> 
  custom:container-demuxer-webm: 4f35f7cbe854078d1ac9338744f61a02 -> 
  custom:container-demuxer-ogg: 62fdf1f143b41e24485cea50d1cbac27 -> 
  custom:video-encoder-webm-vp8: eb34c28f22e8b96e1ab97ce403110664 -> 
  custom:video-decoder-webm-vp8: 9c59270c3fd7afecdb556c50c9e8de78 -> 
  custom:audio-decoder-ogg-vorbis: bf7c407c2cedff20999df2af8eb42d56 -> 
  custom:audio-encoder-webm-vorbis: bf7c407c2cedff20999df2af8eb42d56 -> 
========================================================================
Received Import Request.
  Time since last request: 34.622648 seconds.
  path: Assets/Scripts/NewBehaviourScript.cs
  artifactKey: Guid(9af38eab165a02c43accf5780b3610e5) Importer(815301076,1909f56bfc062723c751e8b465ee728b)
Start importing Assets/Scripts/NewBehaviourScript.cs using Guid(9af38eab165a02c43accf5780b3610e5) Importer(815301076,1909f56bfc062723c751e8b465ee728b)  -> (artifact id: 'b508143b200918d74bba9258e8f69b8b') in 0.004659 seconds 
  Import took 0.007252 seconds .

========================================================================
Received Import Request.
  Time since last request: 0.024975 seconds.
  path: Assets/Scripts/NewBehaviourScript.cs
  artifactKey: Guid(9af38eab165a02c43accf5780b3610e5) Importer(815301076,1909f56bfc062723c751e8b465ee728b)
Start importing Assets/Scripts/NewBehaviourScript.cs using Guid(9af38eab165a02c43accf5780b3610e5) Importer(815301076,1909f56bfc062723c751e8b465ee728b)  -> (artifact id: 'b508143b200918d74bba9258e8f69b8b') in 0.001779 seconds 
  Import took 0.004404 seconds .

========================================================================
Received Prepare
Registering precompiled user dll's ...
Registered in 0.002939 seconds.
Begin MonoManager ReloadAssembly
Native extension for WindowsStandalone target not found
Refreshing native plugins compatible for Editor in 0.41 ms, found 3 plugins.
Preloading 0 native plugins for Editor in 0.00 ms.
Mono: successfully reloaded assembly
- Completed reload, in  0.758 seconds
Domain Reload Profiling:
	ReloadAssembly (758ms)
		BeginReloadAssembly (90ms)
			ExecutionOrderSort (0ms)
			DisableScriptedObjects (5ms)
			BackupInstance (0ms)
			ReleaseScriptingObjects (0ms)
			CreateAndSetChildDomain (25ms)
		EndReloadAssembly (622ms)
			LoadAssemblies (63ms)
			RebuildTransferFunctionScriptingTraits (0ms)
			SetupTypeCache (184ms)
			ReleaseScriptCaches (1ms)
			RebuildScriptCaches (27ms)
			SetupLoadedEditorAssemblies (273ms)
				LogAssemblyErrors (0ms)
				InitializePlatformSupportModulesInManaged (3ms)
				SetLoadedEditorAssemblies (0ms)
				RefreshPlugins (0ms)
				BeforeProcessingInitializeOnLoad (45ms)
				ProcessInitializeOnLoadAttributes (215ms)
				ProcessInitializeOnLoadMethodAttributes (5ms)
				AfterProcessingInitializeOnLoad (5ms)
				EditorAssembliesLoaded (0ms)
			ExecutionOrderSort2 (0ms)
			AwakeInstancesAfterBackupRestoration (10ms)
Platform modules already initialized, skipping
Refreshing native plugins compatible for Editor in 0.40 ms, found 3 plugins.
Preloading 0 native plugins for Editor in 0.00 ms.
Unloading 2082 Unused Serialized files (Serialized files now loaded: 0)
System memory in use before: 96.4 MB.
System memory in use after: 96.5 MB.

Unloading 16 unused Assets to reduce memory usage. Loaded Objects now: 2555.
Total: 2.742400 ms (FindLiveObjects: 0.157400 ms CreateObjectMapping: 0.052500 ms MarkObjects: 2.517800 ms  DeleteObjects: 0.014000 ms)

AssetImportParameters requested are different than current active one (requested -> active):
  custom:framework-win-MediaFoundation: 216162199b28c13a410421893ffa2e32 -> 
  custom:video-decoder-ogg-theora: a1e56fd34408186e4bbccfd4996cb3dc -> 
  custom:container-muxer-webm: aa71ff27fc2769a1b78a27578f13a17b -> 
  custom:container-demuxer-webm: 4f35f7cbe854078d1ac9338744f61a02 -> 
  custom:container-demuxer-ogg: 62fdf1f143b41e24485cea50d1cbac27 -> 
  custom:video-encoder-webm-vp8: eb34c28f22e8b96e1ab97ce403110664 -> 
  custom:video-decoder-webm-vp8: 9c59270c3fd7afecdb556c50c9e8de78 -> 
  custom:audio-decoder-ogg-vorbis: bf7c407c2cedff20999df2af8eb42d56 -> 
  custom:audio-encoder-webm-vorbis: bf7c407c2cedff20999df2af8eb42d56 -> 
========================================================================
Received Prepare
Registering precompiled user dll's ...
Registered in 0.002678 seconds.
Begin MonoManager ReloadAssembly
Native extension for WindowsStandalone target not found
Refreshing native plugins compatible for Editor in 0.39 ms, found 3 plugins.
Preloading 0 native plugins for Editor in 0.00 ms.
Mono: successfully reloaded assembly
- Completed reload, in  0.673 seconds
Domain Reload Profiling:
	ReloadAssembly (673ms)
		BeginReloadAssembly (86ms)
			ExecutionOrderSort (0ms)
			DisableScriptedObjects (4ms)
			BackupInstance (0ms)
			ReleaseScriptingObjects (0ms)
			CreateAndSetChildDomain (24ms)
		EndReloadAssembly (546ms)
			LoadAssemblies (56ms)
			RebuildTransferFunctionScriptingTraits (0ms)
			SetupTypeCache (164ms)
			ReleaseScriptCaches (1ms)
			RebuildScriptCaches (25ms)
			SetupLoadedEditorAssemblies (236ms)
				LogAssemblyErrors (0ms)
				InitializePlatformSupportModulesInManaged (3ms)
				SetLoadedEditorAssemblies (0ms)
				RefreshPlugins (0ms)
				BeforeProcessingInitializeOnLoad (42ms)
				ProcessInitializeOnLoadAttributes (182ms)
				ProcessInitializeOnLoadMethodAttributes (4ms)
				AfterProcessingInitializeOnLoad (4ms)
				EditorAssembliesLoaded (0ms)
			ExecutionOrderSort2 (0ms)
			AwakeInstancesAfterBackupRestoration (8ms)
Platform modules already initialized, skipping
Refreshing native plugins compatible for Editor in 0.33 ms, found 3 plugins.
Preloading 0 native plugins for Editor in 0.00 ms.
Unloading 2082 Unused Serialized files (Serialized files now loaded: 0)
System memory in use before: 96.4 MB.
System memory in use after: 96.5 MB.

Unloading 16 unused Assets to reduce memory usage. Loaded Objects now: 2558.
Total: 2.417600 ms (FindLiveObjects: 0.143800 ms CreateObjectMapping: 0.038400 ms MarkObjects: 2.221300 ms  DeleteObjects: 0.013200 ms)

AssetImportParameters requested are different than current active one (requested -> active):
  custom:framework-win-MediaFoundation: 216162199b28c13a410421893ffa2e32 -> 
  custom:video-decoder-ogg-theora: a1e56fd34408186e4bbccfd4996cb3dc -> 
  custom:container-muxer-webm: aa71ff27fc2769a1b78a27578f13a17b -> 
  custom:container-demuxer-webm: 4f35f7cbe854078d1ac9338744f61a02 -> 
  custom:container-demuxer-ogg: 62fdf1f143b41e24485cea50d1cbac27 -> 
  custom:video-encoder-webm-vp8: eb34c28f22e8b96e1ab97ce403110664 -> 
  custom:video-decoder-webm-vp8: 9c59270c3fd7afecdb556c50c9e8de78 -> 
  custom:audio-decoder-ogg-vorbis: bf7c407c2cedff20999df2af8eb42d56 -> 
  custom:audio-encoder-webm-vorbis: bf7c407c2cedff20999df2af8eb42d56 -> 
========================================================================
Received Import Request.
  Time since last request: 77.517551 seconds.
  path: Assets/Scripts/NewBehaviourScript.cs
  artifactKey: Guid(9af38eab165a02c43accf5780b3610e5) Importer(815301076,1909f56bfc062723c751e8b465ee728b)
Start importing Assets/Scripts/NewBehaviourScript.cs using Guid(9af38eab165a02c43accf5780b3610e5) Importer(815301076,1909f56bfc062723c751e8b465ee728b)  -> (artifact id: '9b330dcbd24e9493a92c86ffe98fea2d') in 0.007731 seconds 
  Import took 0.010316 seconds .

========================================================================
Received Import Request.
  Time since last request: 0.022009 seconds.
  path: Assets/Scripts/NewBehaviourScript.cs
  artifactKey: Guid(9af38eab165a02c43accf5780b3610e5) Importer(815301076,1909f56bfc062723c751e8b465ee728b)
Start importing Assets/Scripts/NewBehaviourScript.cs using Guid(9af38eab165a02c43accf5780b3610e5) Importer(815301076,1909f56bfc062723c751e8b465ee728b)  -> (artifact id: '9b330dcbd24e9493a92c86ffe98fea2d') in 0.002396 seconds 
  Import took 0.004934 seconds .

========================================================================
Received Prepare
Registering precompiled user dll's ...
Registered in 0.002742 seconds.
Begin MonoManager ReloadAssembly
Native extension for WindowsStandalone target not found
Refreshing native plugins compatible for Editor in 0.60 ms, found 3 plugins.
Preloading 0 native plugins for Editor in 0.00 ms.
Mono: successfully reloaded assembly
- Completed reload, in  1.604 seconds
Domain Reload Profiling:
	ReloadAssembly (1604ms)
		BeginReloadAssembly (93ms)
			ExecutionOrderSort (0ms)
			DisableScriptedObjects (4ms)
			BackupInstance (0ms)
			ReleaseScriptingObjects (0ms)
			CreateAndSetChildDomain (23ms)
		EndReloadAssembly (1468ms)
			LoadAssemblies (77ms)
			RebuildTransferFunctionScriptingTraits (0ms)
			SetupTypeCache (272ms)
			ReleaseScriptCaches (1ms)
			RebuildScriptCaches (52ms)
			SetupLoadedEditorAssemblies (857ms)
				LogAssemblyErrors (0ms)
				InitializePlatformSupportModulesInManaged (20ms)
				SetLoadedEditorAssemblies (1ms)
				RefreshPlugins (1ms)
				BeforeProcessingInitializeOnLoad (402ms)
				ProcessInitializeOnLoadAttributes (425ms)
				ProcessInitializeOnLoadMethodAttributes (5ms)
				AfterProcessingInitializeOnLoad (5ms)
				EditorAssembliesLoaded (0ms)
			ExecutionOrderSort2 (0ms)
			AwakeInstancesAfterBackupRestoration (7ms)
Platform modules already initialized, skipping
Refreshing native plugins compatible for Editor in 0.35 ms, found 3 plugins.
Preloading 0 native plugins for Editor in 0.00 ms.
Unloading 2082 Unused Serialized files (Serialized files now loaded: 0)
System memory in use before: 96.4 MB.
System memory in use after: 96.6 MB.

Unloading 16 unused Assets to reduce memory usage. Loaded Objects now: 2561.
Total: 2.939100 ms (FindLiveObjects: 0.189400 ms CreateObjectMapping: 0.072700 ms MarkObjects: 2.661100 ms  DeleteObjects: 0.015000 ms)

AssetImportParameters requested are different than current active one (requested -> active):
  custom:framework-win-MediaFoundation: 216162199b28c13a410421893ffa2e32 -> 
  custom:video-decoder-ogg-theora: a1e56fd34408186e4bbccfd4996cb3dc -> 
  custom:container-muxer-webm: aa71ff27fc2769a1b78a27578f13a17b -> 
  custom:container-demuxer-webm: 4f35f7cbe854078d1ac9338744f61a02 -> 
  custom:container-demuxer-ogg: 62fdf1f143b41e24485cea50d1cbac27 -> 
  custom:video-encoder-webm-vp8: eb34c28f22e8b96e1ab97ce403110664 -> 
  custom:video-decoder-webm-vp8: 9c59270c3fd7afecdb556c50c9e8de78 -> 
  custom:audio-decoder-ogg-vorbis: bf7c407c2cedff20999df2af8eb42d56 -> 
  custom:audio-encoder-webm-vorbis: bf7c407c2cedff20999df2af8eb42d56 -> 
========================================================================
Received Prepare
Refreshing native plugins compatible for Editor in 3.10 ms, found 3 plugins.
Preloading 0 native plugins for Editor in 0.00 ms.
Unloading 14 Unused Serialized files (Serialized files now loaded: 0)
System memory in use before: 54.8 MB.
System memory in use after: 54.9 MB.

Unloading 14 unused Assets to reduce memory usage. Loaded Objects now: 2561.
Total: 2.487100 ms (FindLiveObjects: 0.165400 ms CreateObjectMapping: 0.047200 ms MarkObjects: 2.263100 ms  DeleteObjects: 0.010700 ms)

AssetImportParameters requested are different than current active one (requested -> active):
  custom:framework-win-MediaFoundation: 216162199b28c13a410421893ffa2e32 -> 
  custom:video-decoder-ogg-theora: a1e56fd34408186e4bbccfd4996cb3dc -> 
  custom:container-muxer-webm: aa71ff27fc2769a1b78a27578f13a17b -> 
  custom:container-demuxer-webm: 4f35f7cbe854078d1ac9338744f61a02 -> 
  custom:container-demuxer-ogg: 62fdf1f143b41e24485cea50d1cbac27 -> 
  custom:video-encoder-webm-vp8: eb34c28f22e8b96e1ab97ce403110664 -> 
  custom:video-decoder-webm-vp8: 9c59270c3fd7afecdb556c50c9e8de78 -> 
  custom:audio-decoder-ogg-vorbis: bf7c407c2cedff20999df2af8eb42d56 -> 
  custom:audio-encoder-webm-vorbis: bf7c407c2cedff20999df2af8eb42d56 -> 
========================================================================
Received Prepare
Refreshing native plugins compatible for Editor in 2.78 ms, found 3 plugins.
Preloading 0 native plugins for Editor in 0.00 ms.
Unloading 14 Unused Serialized files (Serialized files now loaded: 0)
System memory in use before: 54.8 MB.
System memory in use after: 54.9 MB.

Unloading 14 unused Assets to reduce memory usage. Loaded Objects now: 2561.
Total: 3.004100 ms (FindLiveObjects: 0.157600 ms CreateObjectMapping: 0.052200 ms MarkObjects: 2.780900 ms  DeleteObjects: 0.012800 ms)

AssetImportParameters requested are different than current active one (requested -> active):
  custom:framework-win-MediaFoundation: 216162199b28c13a410421893ffa2e32 -> 
  custom:video-decoder-ogg-theora: a1e56fd34408186e4bbccfd4996cb3dc -> 
  custom:container-muxer-webm: aa71ff27fc2769a1b78a27578f13a17b -> 
  custom:container-demuxer-webm: 4f35f7cbe854078d1ac9338744f61a02 -> 
  custom:container-demuxer-ogg: 62fdf1f143b41e24485cea50d1cbac27 -> 
  custom:video-encoder-webm-vp8: eb34c28f22e8b96e1ab97ce403110664 -> 
  custom:video-decoder-webm-vp8: 9c59270c3fd7afecdb556c50c9e8de78 -> 
  custom:audio-decoder-ogg-vorbis: bf7c407c2cedff20999df2af8eb42d56 -> 
  custom:audio-encoder-webm-vorbis: bf7c407c2cedff20999df2af8eb42d56 -> 
========================================================================
Received Import Request.
  Time since last request: 286.590292 seconds.
  path: Assets/Animations/Idle (1).controller
  artifactKey: Guid(cf8d66849d2adc84fb739c18065eac80) Importer(815301076,1909f56bfc062723c751e8b465ee728b)
Start importing Assets/Animations/Idle (1).controller using Guid(cf8d66849d2adc84fb739c18065eac80) Importer(815301076,1909f56bfc062723c751e8b465ee728b)  -> (artifact id: '463aa798bed03038709a8cc82bd1a14d') in 0.009910 seconds 
  Import took 0.012669 seconds .

========================================================================
Received Prepare
Registering precompiled user dll's ...
Registered in 0.002814 seconds.
Begin MonoManager ReloadAssembly
Native extension for WindowsStandalone target not found
Refreshing native plugins compatible for Editor in 0.40 ms, found 3 plugins.
Preloading 0 native plugins for Editor in 0.00 ms.
Mono: successfully reloaded assembly
- Completed reload, in  0.704 seconds
Domain Reload Profiling:
	ReloadAssembly (704ms)
		BeginReloadAssembly (90ms)
			ExecutionOrderSort (0ms)
			DisableScriptedObjects (4ms)
			BackupInstance (0ms)
			ReleaseScriptingObjects (0ms)
			CreateAndSetChildDomain (26ms)
		EndReloadAssembly (573ms)
			LoadAssemblies (57ms)
			RebuildTransferFunctionScriptingTraits (0ms)
			SetupTypeCache (184ms)
			ReleaseScriptCaches (1ms)
			RebuildScriptCaches (25ms)
			SetupLoadedEditorAssemblies (237ms)
				LogAssemblyErrors (0ms)
				InitializePlatformSupportModulesInManaged (3ms)
				SetLoadedEditorAssemblies (0ms)
				RefreshPlugins (0ms)
				BeforeProcessingInitializeOnLoad (41ms)
				ProcessInitializeOnLoadAttributes (183ms)
				ProcessInitializeOnLoadMethodAttributes (4ms)
				AfterProcessingInitializeOnLoad (5ms)
				EditorAssembliesLoaded (0ms)
			ExecutionOrderSort2 (0ms)
			AwakeInstancesAfterBackupRestoration (8ms)
Platform modules already initialized, skipping
Refreshing native plugins compatible for Editor in 0.40 ms, found 3 plugins.
Preloading 0 native plugins for Editor in 0.00 ms.
Unloading 2082 Unused Serialized files (Serialized files now loaded: 0)
System memory in use before: 96.4 MB.
System memory in use after: 96.6 MB.

Unloading 16 unused Assets to reduce memory usage. Loaded Objects now: 2564.
Total: 3.023500 ms (FindLiveObjects: 0.321500 ms CreateObjectMapping: 0.046300 ms MarkObjects: 2.641000 ms  DeleteObjects: 0.013900 ms)

AssetImportParameters requested are different than current active one (requested -> active):
  custom:framework-win-MediaFoundation: 216162199b28c13a410421893ffa2e32 -> 
  custom:video-decoder-ogg-theora: a1e56fd34408186e4bbccfd4996cb3dc -> 
  custom:container-muxer-webm: aa71ff27fc2769a1b78a27578f13a17b -> 
  custom:container-demuxer-webm: 4f35f7cbe854078d1ac9338744f61a02 -> 
  custom:container-demuxer-ogg: 62fdf1f143b41e24485cea50d1cbac27 -> 
  custom:video-encoder-webm-vp8: eb34c28f22e8b96e1ab97ce403110664 -> 
  custom:video-decoder-webm-vp8: 9c59270c3fd7afecdb556c50c9e8de78 -> 
  custom:audio-decoder-ogg-vorbis: bf7c407c2cedff20999df2af8eb42d56 -> 
  custom:audio-encoder-webm-vorbis: bf7c407c2cedff20999df2af8eb42d56 -> 
========================================================================
Received Prepare
Registering precompiled user dll's ...
Registered in 0.002609 seconds.
Begin MonoManager ReloadAssembly
Native extension for WindowsStandalone target not found
Refreshing native plugins compatible for Editor in 0.39 ms, found 3 plugins.
Preloading 0 native plugins for Editor in 0.00 ms.
Mono: successfully reloaded assembly
- Completed reload, in  0.680 seconds
Domain Reload Profiling:
	ReloadAssembly (680ms)
		BeginReloadAssembly (92ms)
			ExecutionOrderSort (0ms)
			DisableScriptedObjects (5ms)
			BackupInstance (0ms)
			ReleaseScriptingObjects (0ms)
			CreateAndSetChildDomain (26ms)
		EndReloadAssembly (548ms)
			LoadAssemblies (59ms)
			RebuildTransferFunctionScriptingTraits (0ms)
			SetupTypeCache (164ms)
			ReleaseScriptCaches (1ms)
			RebuildScriptCaches (25ms)
			SetupLoadedEditorAssemblies (240ms)
				LogAssemblyErrors (0ms)
				InitializePlatformSupportModulesInManaged (3ms)
				SetLoadedEditorAssemblies (0ms)
				RefreshPlugins (0ms)
				BeforeProcessingInitializeOnLoad (42ms)
				ProcessInitializeOnLoadAttributes (185ms)
				ProcessInitializeOnLoadMethodAttributes (4ms)
				AfterProcessingInitializeOnLoad (5ms)
				EditorAssembliesLoaded (0ms)
			ExecutionOrderSort2 (0ms)
			AwakeInstancesAfterBackupRestoration (7ms)
Platform modules already initialized, skipping
Refreshing native plugins compatible for Editor in 0.33 ms, found 3 plugins.
Preloading 0 native plugins for Editor in 0.00 ms.
Unloading 2082 Unused Serialized files (Serialized files now loaded: 0)
System memory in use before: 96.5 MB.
System memory in use after: 96.6 MB.

Unloading 16 unused Assets to reduce memory usage. Loaded Objects now: 2567.
Total: 2.537400 ms (FindLiveObjects: 0.141000 ms CreateObjectMapping: 0.048300 ms MarkObjects: 2.333400 ms  DeleteObjects: 0.013900 ms)

AssetImportParameters requested are different than current active one (requested -> active):
  custom:framework-win-MediaFoundation: 216162199b28c13a410421893ffa2e32 -> 
  custom:video-decoder-ogg-theora: a1e56fd34408186e4bbccfd4996cb3dc -> 
  custom:container-muxer-webm: aa71ff27fc2769a1b78a27578f13a17b -> 
  custom:container-demuxer-webm: 4f35f7cbe854078d1ac9338744f61a02 -> 
  custom:container-demuxer-ogg: 62fdf1f143b41e24485cea50d1cbac27 -> 
  custom:video-encoder-webm-vp8: eb34c28f22e8b96e1ab97ce403110664 -> 
  custom:video-decoder-webm-vp8: 9c59270c3fd7afecdb556c50c9e8de78 -> 
  custom:audio-decoder-ogg-vorbis: bf7c407c2cedff20999df2af8eb42d56 -> 
  custom:audio-encoder-webm-vorbis: bf7c407c2cedff20999df2af8eb42d56 -> 
AssetImportWorkerClient::OnTransportError - code=2 error=End of file
